{"name": "test_products_group", "status": "skipped", "statusDetails": {"message": "XFAIL Wait for fix bug\n\nselenium.common.exceptions.ElementClickInterceptedException: Message: element click intercepted: Element <a href=\"https://testqastudio.me?products_group=sale\" class=\"tab-sale \">...</a> is not clickable at point (1100, 748). Other element would receive the click: <div class=\"catalog-toolbar-tabs__content\">...</div>\n  (Session info: chrome=121.0.6167.139)\nStacktrace:\n0   chromedriver                        0x00000001028da7dc chromedriver + 4040668\n1   chromedriver                        0x00000001028d29e0 chromedriver + 4008416\n2   chromedriver                        0x0000000102545870 chromedriver + 284784\n3   chromedriver                        0x000000010258ef60 chromedriver + 585568\n4   chromedriver                        0x000000010258d3f0 chromedriver + 578544\n5   chromedriver                        0x000000010258b45c chromedriver + 570460\n6   chromedriver                        0x000000010258a88c chromedriver + 567436\n7   chromedriver                        0x000000010257f4b8 chromedriver + 521400\n8   chromedriver                        0x000000010257eee8 chromedriver + 519912\n9   chromedriver                        0x00000001025c3048 chromedriver + 798792\n10  chromedriver                        0x000000010257d74c chromedriver + 513868\n11  chromedriver                        0x000000010257e044 chromedriver + 516164\n12  chromedriver                        0x000000010289fa04 chromedriver + 3799556\n13  chromedriver                        0x00000001028a3ee4 chromedriver + 3817188\n14  chromedriver                        0x0000000102888260 chromedriver + 3703392\n15  chromedriver                        0x00000001028a4a2c chromedriver + 3820076\n16  chromedriver                        0x000000010287b01c chromedriver + 3649564\n17  chromedriver                        0x00000001028c1e3c chromedriver + 3939900\n18  chromedriver                        0x00000001028c1fb4 chromedriver + 3940276\n19  chromedriver                        0x00000001028d2660 chromedriver + 4007520\n20  libsystem_pthread.dylib             0x0000000188785034 _pthread_start + 136\n21  libsystem_pthread.dylib             0x000000018877fe3c thread_start + 8", "trace": "tests/test_shop1.py:48: in test_products_group\n    element.click()\n        browser    = <selenium.webdriver.chrome.webdriver.WebDriver (session=\"a2e93ccf82674860b159c3611a2b15be\")>\n        element    = <selenium.webdriver.remote.webelement.WebElement (session=\"a2e93ccf82674860b159c3611a2b15be\", element=\"7B46A5D73585D2F645BD51ABF46AF724_element_141\")>\n        elements   = [<selenium.webdriver.remote.webelement.WebElement (session=\"a2e93ccf82674860b159c3611a2b15be\", element=\"8BDF1871FB53E9...lement.WebElement (session=\"a2e93ccf82674860b159c3611a2b15be\", element=\"8BDF1871FB53E929653DAC45573FAF38_element_54\")>]\n        expected_menu = [('Все', '', \"[class='tab-all active']\"), ('Бестселлеры', '/?products_group=best_sellers', \"[class='tab-best_sellers '... '/?products_group=new', \"[class='tab-new ']\"), ('Распродажа товаров', '/?products_group=sale', \"[class='tab-sale ']\")]\n        item       = ('Распродажа товаров', '/?products_group=sale', \"[class='tab-sale ']\")\n        menu_element = \"[class='catalog-toolbar-tabs__content'] a\"\nenv/lib/python3.12/site-packages/selenium/webdriver/remote/webelement.py:94: in click\n    self._execute(Command.CLICK_ELEMENT)\n        self       = <selenium.webdriver.remote.webelement.WebElement (session=\"a2e93ccf82674860b159c3611a2b15be\", element=\"7B46A5D73585D2F645BD51ABF46AF724_element_141\")>\nenv/lib/python3.12/site-packages/selenium/webdriver/remote/webelement.py:395: in _execute\n    return self._parent.execute(command, params)\n        command    = 'clickElement'\n        params     = {'id': '7B46A5D73585D2F645BD51ABF46AF724_element_141'}\n        self       = <selenium.webdriver.remote.webelement.WebElement (session=\"a2e93ccf82674860b159c3611a2b15be\", element=\"7B46A5D73585D2F645BD51ABF46AF724_element_141\")>\nenv/lib/python3.12/site-packages/selenium/webdriver/remote/webdriver.py:347: in execute\n    self.error_handler.check_response(response)\n        driver_command = 'clickElement'\n        params     = {}\n        response   = {'status': 400, 'value': '{\"value\":{\"error\":\"element click intercepted\",\"message\":\"element click intercepted: Element ...000188785034 _pthread_start + 136\\\\n21  libsystem_pthread.dylib             0x000000018877fe3c thread_start + 8\\\\n\"}}'}\n        self       = <selenium.webdriver.chrome.webdriver.WebDriver (session=\"a2e93ccf82674860b159c3611a2b15be\")>\nenv/lib/python3.12/site-packages/selenium/webdriver/remote/errorhandler.py:229: in check_response\n    raise exception_class(message, screen, stacktrace)\nE   selenium.common.exceptions.ElementClickInterceptedException: Message: element click intercepted: Element <a href=\"https://testqastudio.me?products_group=sale\" class=\"tab-sale \">...</a> is not clickable at point (1100, 748). Other element would receive the click: <div class=\"catalog-toolbar-tabs__content\">...</div>\nE     (Session info: chrome=121.0.6167.139)\nE   Stacktrace:\nE   0   chromedriver                        0x00000001028da7dc chromedriver + 4040668\nE   1   chromedriver                        0x00000001028d29e0 chromedriver + 4008416\nE   2   chromedriver                        0x0000000102545870 chromedriver + 284784\nE   3   chromedriver                        0x000000010258ef60 chromedriver + 585568\nE   4   chromedriver                        0x000000010258d3f0 chromedriver + 578544\nE   5   chromedriver                        0x000000010258b45c chromedriver + 570460\nE   6   chromedriver                        0x000000010258a88c chromedriver + 567436\nE   7   chromedriver                        0x000000010257f4b8 chromedriver + 521400\nE   8   chromedriver                        0x000000010257eee8 chromedriver + 519912\nE   9   chromedriver                        0x00000001025c3048 chromedriver + 798792\nE   10  chromedriver                        0x000000010257d74c chromedriver + 513868\nE   11  chromedriver                        0x000000010257e044 chromedriver + 516164\nE   12  chromedriver                        0x000000010289fa04 chromedriver + 3799556\nE   13  chromedriver                        0x00000001028a3ee4 chromedriver + 3817188\nE   14  chromedriver                        0x0000000102888260 chromedriver + 3703392\nE   15  chromedriver                        0x00000001028a4a2c chromedriver + 3820076\nE   16  chromedriver                        0x000000010287b01c chromedriver + 3649564\nE   17  chromedriver                        0x00000001028c1e3c chromedriver + 3939900\nE   18  chromedriver                        0x00000001028c1fb4 chromedriver + 3940276\nE   19  chromedriver                        0x00000001028d2660 chromedriver + 4007520\nE   20  libsystem_pthread.dylib             0x0000000188785034 _pthread_start + 136\nE   21  libsystem_pthread.dylib             0x000000018877fe3c thread_start + 8\n        e          = <selenium.webdriver.remote.errorhandler.ErrorCode object at 0x106c07dd0>\n        error_code = 'ELEMENT_CLICK_INTERCEPTED'\n        error_codes = ['ELEMENT_CLICK_INTERCEPTED', 'ELEMENT_IS_NOT_SELECTABLE', 'ELEMENT_NOT_INTERACTABLE', 'ELEMENT_NOT_VISIBLE', 'IME_ENGINE_ACTIVATION_FAILED', 'IME_NOT_AVAILABLE', ...]\n        error_info = [64, 'element click intercepted']\n        exception_class = <class 'selenium.common.exceptions.ElementClickInterceptedException'>\n        json       = <module 'json' from '/Library/Frameworks/Python.framework/Versions/3.12/lib/python3.12/json/__init__.py'>\n        message    = 'element click intercepted: Element <a href=\"https://testqastudio.me?products_group=sale\" class=\"tab-sale \">...</a> is...would receive the click: <div class=\"catalog-toolbar-tabs__content\">...</div>\\n  (Session info: chrome=121.0.6167.139)'\n        response   = {'status': 400, 'value': '{\"value\":{\"error\":\"element click intercepted\",\"message\":\"element click intercepted: Element ...000188785034 _pthread_start + 136\\\\n21  libsystem_pthread.dylib             0x000000018877fe3c thread_start + 8\\\\n\"}}'}\n        screen     = None\n        self       = <selenium.webdriver.remote.errorhandler.ErrorHandler object at 0x106c247d0>\n        st_value   = '0   chromedriver                        0x00000001028da7dc chromedriver + 4040668\\n1   chromedriver                  ...0x0000000188785034 _pthread_start + 136\\n21  libsystem_pthread.dylib             0x000000018877fe3c thread_start + 8\\n'\n        stacktrace = ['0   chromedriver                        0x00000001028da7dc chromedriver + 4040668', '1   chromedriver               ...58d3f0 chromedriver + 578544', '5   chromedriver                        0x000000010258b45c chromedriver + 570460', ...]\n        status     = 'element click intercepted'\n        value      = {'error': 'element click intercepted', 'message': 'element click intercepted: Element <a href=\"https://testqastudio.me...x0000000188785034 _pthread_start + 136\\n21  libsystem_pthread.dylib             0x000000018877fe3c thread_start + 8\\n'}\n        value_json = '{\"value\":{\"error\":\"element click intercepted\",\"message\":\"element click intercepted: Element \\\\u003Ca href=\\\\\"https://...0000188785034 _pthread_start + 136\\\\n21  libsystem_pthread.dylib             0x000000018877fe3c thread_start + 8\\\\n\"}}'"}, "description": "\n    Test case TC-2\n    ", "start": 1707067040318, "stop": 1707067046268, "uuid": "7c7b5f6f-9774-4871-bb69-a2193c0cf04a", "historyId": "270cd9f14772512796d90df1c8493103", "testCaseId": "270cd9f14772512796d90df1c8493103", "fullName": "tests.test_shop1#test_products_group", "labels": [{"name": "tag", "value": "@pytest.mark.xfail(reason='Wait for fix bug')"}, {"name": "parentSuite", "value": "tests"}, {"name": "suite", "value": "test_shop1"}, {"name": "host", "value": "MacBook-Pro.local"}, {"name": "thread", "value": "69226-MainThread"}, {"name": "framework", "value": "pytest"}, {"name": "language", "value": "cpython3"}, {"name": "package", "value": "tests.test_shop1"}]}